/opt/ros/noetic/share/genmsg/cmake/pkg-genmsg.cmake.em:56: error: <class 'genmsg.base.InvalidMsgSpec'>: /mnt/c/Users/Ryan/Desktop/cli-git-folder/ros/ros-edx-example/catkin_ws/devel/.private/chores/share/chores/msg/fibonacci-copyAction.msg: fibonacci-copyActionGoal is not a legal message field type
Traceback (most recent call last):
  File "/opt/ros/noetic/lib/python3/dist-packages/genmsg/msg_loader.py", line 287, in load_msg_from_file
    return load_msg_from_string(msg_context, text, full_name)
  File "/opt/ros/noetic/lib/python3/dist-packages/genmsg/msg_loader.py", line 266, in load_msg_from_string
    field_type, name = _load_field_line(orig_line, package_name)
  File "/opt/ros/noetic/lib/python3/dist-packages/genmsg/msg_loader.py", line 230, in _load_field_line
    raise InvalidMsgSpec("%s is not a legal message field type"%field_type)
genmsg.base.InvalidMsgSpec: fibonacci-copyActionGoal is not a legal message field type

During handling of the above exception, another exception occurred:

Traceback (most recent call last):
  File "/home/rbednar/.local/share/virtualenvs/ros-edx-example-TNbRsaha/lib/python3.7/site-packages/em.py", line 3303, in <module>
    if __name__ == '__main__': main()
  File "/home/rbednar/.local/share/virtualenvs/ros-edx-example-TNbRsaha/lib/python3.7/site-packages/em.py", line 3301, in main
    invoke(sys.argv[1:])
  File "/home/rbednar/.local/share/virtualenvs/ros-edx-example-TNbRsaha/lib/python3.7/site-packages/em.py", line 3284, in invoke
    interpreter.wrap(interpreter.file, (file, name))
  File "/home/rbednar/.local/share/virtualenvs/ros-edx-example-TNbRsaha/lib/python3.7/site-packages/em.py", line 2295, in wrap
    self.fail(e)
  File "/home/rbednar/.local/share/virtualenvs/ros-edx-example-TNbRsaha/lib/python3.7/site-packages/em.py", line 2284, in wrap
    callable(*args)
  File "/home/rbednar/.local/share/virtualenvs/ros-edx-example-TNbRsaha/lib/python3.7/site-packages/em.py", line 2359, in file
    self.safe(scanner, done, locals)
  File "/home/rbednar/.local/share/virtualenvs/ros-edx-example-TNbRsaha/lib/python3.7/site-packages/em.py", line 2401, in safe
    self.parse(scanner, locals)
  File "/home/rbednar/.local/share/virtualenvs/ros-edx-example-TNbRsaha/lib/python3.7/site-packages/em.py", line 2421, in parse
    token.run(self, locals)
  File "/home/rbednar/.local/share/virtualenvs/ros-edx-example-TNbRsaha/lib/python3.7/site-packages/em.py", line 1425, in run
    interpreter.execute(self.code, locals)
  File "/home/rbednar/.local/share/virtualenvs/ros-edx-example-TNbRsaha/lib/python3.7/site-packages/em.py", line 2596, in execute
    _exec(statements, self.globals, locals)
  File "<string>", line 38, in <module>
  File "/opt/ros/noetic/lib/python3/dist-packages/genmsg/deps.py", line 45, in find_msg_dependencies_with_type
    spec = genmsg.msg_loader.load_msg_from_file(msg_context, msg_file, full_type_name)
  File "/opt/ros/noetic/lib/python3/dist-packages/genmsg/msg_loader.py", line 289, in load_msg_from_file
    raise InvalidMsgSpec('%s: %s'%(file_path, e))
genmsg.base.InvalidMsgSpec: /mnt/c/Users/Ryan/Desktop/cli-git-folder/ros/ros-edx-example/catkin_ws/devel/.private/chores/share/chores/msg/fibonacci-copyAction.msg: fibonacci-copyActionGoal is not a legal message field type
[31m[1mCMake Error[0m at /opt/ros/noetic/share/catkin/cmake/safe_execute_process.cmake:11 (message):

  execute_process(/mnt/c/Users/Ryan/Desktop/cli-git-folder/ros/ros-edx-example/catkin_ws/build/chores/catkin_generated/env_cached.sh
  "/home/rbednar/.local/share/virtualenvs/ros-edx-example-TNbRsaha/bin/python3"
  "/home/rbednar/.local/share/virtualenvs/ros-edx-example-TNbRsaha/lib/python3.7/site-packages/em.py"
  "--raw-errors" "-F"
  "/mnt/c/Users/Ryan/Desktop/cli-git-folder/ros/ros-edx-example/catkin_ws/build/chores/cmake/chores-genmsg-context.py"
  "-o"
  "/mnt/c/Users/Ryan/Desktop/cli-git-folder/ros/ros-edx-example/catkin_ws/build/chores/cmake/chores-genmsg.cmake"
  "/opt/ros/noetic/share/genmsg/cmake/pkg-genmsg.cmake.em") returned error
  code 1
[36mCall Stack (most recent call first):[0m
  /opt/ros/noetic/share/catkin/cmake/em_expand.cmake:25 (safe_execute_process)
  /opt/ros/noetic/share/genmsg/cmake/genmsg-extras.cmake:303 (em_expand)
  CMakeLists.txt:73 (generate_messages)


make: *** [Makefile:824: cmake_check_build_system] Error 1
