Determining if the pthread_create exist failed with the following output:
Change Dir: /mnt/c/Users/Ryan/Desktop/cli-git-folder/ros/ros-edx-example/catkin_ws/build/hrwros/CMakeFiles/CMakeTmp

Run Build Command:"/usr/bin/make" "cmTC_0de36/fast"
/usr/bin/make -f CMakeFiles/cmTC_0de36.dir/build.make CMakeFiles/cmTC_0de36.dir/build
make[1]: Entering directory '/mnt/c/Users/Ryan/Desktop/cli-git-folder/ros/ros-edx-example/catkin_ws/build/hrwros/CMakeFiles/CMakeTmp'
Building C object CMakeFiles/cmTC_0de36.dir/CheckSymbolExists.c.o
/usr/bin/cc    -o CMakeFiles/cmTC_0de36.dir/CheckSymbolExists.c.o   -c /mnt/c/Users/Ryan/Desktop/cli-git-folder/ros/ros-edx-example/catkin_ws/build/hrwros/CMakeFiles/CMakeTmp/CheckSymbolExists.c
Linking C executable cmTC_0de36
/usr/bin/cmake -E cmake_link_script CMakeFiles/cmTC_0de36.dir/link.txt --verbose=1
/usr/bin/cc      -rdynamic CMakeFiles/cmTC_0de36.dir/CheckSymbolExists.c.o  -o cmTC_0de36 
/usr/bin/ld: CMakeFiles/cmTC_0de36.dir/CheckSymbolExists.c.o: in function `main':
CheckSymbolExists.c:(.text+0x1b): undefined reference to `pthread_create'
collect2: error: ld returned 1 exit status
make[1]: *** [CMakeFiles/cmTC_0de36.dir/build.make:87: cmTC_0de36] Error 1
make[1]: Leaving directory '/mnt/c/Users/Ryan/Desktop/cli-git-folder/ros/ros-edx-example/catkin_ws/build/hrwros/CMakeFiles/CMakeTmp'
make: *** [Makefile:121: cmTC_0de36/fast] Error 2

File /mnt/c/Users/Ryan/Desktop/cli-git-folder/ros/ros-edx-example/catkin_ws/build/hrwros/CMakeFiles/CMakeTmp/CheckSymbolExists.c:
/* */
#include <pthread.h>

int main(int argc, char** argv)
{
  (void)argv;
#ifndef pthread_create
  return ((int*)(&pthread_create))[argc];
#else
  (void)argc;
  return 0;
#endif
}

Determining if the function pthread_create exists in the pthreads failed with the following output:
Change Dir: /mnt/c/Users/Ryan/Desktop/cli-git-folder/ros/ros-edx-example/catkin_ws/build/hrwros/CMakeFiles/CMakeTmp

Run Build Command:"/usr/bin/make" "cmTC_34960/fast"
/usr/bin/make -f CMakeFiles/cmTC_34960.dir/build.make CMakeFiles/cmTC_34960.dir/build
make[1]: Entering directory '/mnt/c/Users/Ryan/Desktop/cli-git-folder/ros/ros-edx-example/catkin_ws/build/hrwros/CMakeFiles/CMakeTmp'
Building C object CMakeFiles/cmTC_34960.dir/CheckFunctionExists.c.o
/usr/bin/cc   -DCHECK_FUNCTION_EXISTS=pthread_create   -o CMakeFiles/cmTC_34960.dir/CheckFunctionExists.c.o   -c /usr/share/cmake-3.13/Modules/CheckFunctionExists.c
Linking C executable cmTC_34960
/usr/bin/cmake -E cmake_link_script CMakeFiles/cmTC_34960.dir/link.txt --verbose=1
/usr/bin/cc  -DCHECK_FUNCTION_EXISTS=pthread_create    -rdynamic CMakeFiles/cmTC_34960.dir/CheckFunctionExists.c.o  -o cmTC_34960 -lpthreads 
/usr/bin/ld: cannot find -lpthreads
collect2: error: ld returned 1 exit status
make[1]: *** [CMakeFiles/cmTC_34960.dir/build.make:87: cmTC_34960] Error 1
make[1]: Leaving directory '/mnt/c/Users/Ryan/Desktop/cli-git-folder/ros/ros-edx-example/catkin_ws/build/hrwros/CMakeFiles/CMakeTmp'
make: *** [Makefile:121: cmTC_34960/fast] Error 2


